<?xml version="1.0" encoding="UTF-8"?>
<!-- Generated by org.testng.reporters.JUnitReportReporter -->
<testsuite skipped="0" hostname="SKOLLA-W54" name="restassuredTest.Demo5_BasicValidations_JSON" tests="5" failures="0" timestamp="26 Apr 2020 02:04:45 GMT" time="5.208" errors="0">
  <testcase name="testMultipleContents" time="0.282" classname="restassuredTest.Demo5_BasicValidations_JSON"/>
  <testcase name="testStatusCode" time="2.748" classname="restassuredTest.Demo5_BasicValidations_JSON"/>
  <testcase name="testLogging" time="0.639" classname="restassuredTest.Demo5_BasicValidations_JSON"/>
  <testcase name="testParamsAndHeaders" time="0.500" classname="restassuredTest.Demo5_BasicValidations_JSON"/>
  <testcase name="testSingleContent" time="1.039" classname="restassuredTest.Demo5_BasicValidations_JSON"/>
</testsuite> <!-- restassuredTest.Demo5_BasicValidations_JSON -->
