<?xml version="1.0" encoding="UTF-8"?>
<!-- Generated by org.testng.reporters.JUnitReportReporter -->
<testsuite skipped="0" hostname="SKOLLA-W54" name="restassuredTest.Demo3_Put_Request" tests="1" failures="0" timestamp="25 Apr 2020 23:24:02 GMT" time="2.735" errors="0">
  <testcase name="testPut" time="2.735" classname="restassuredTest.Demo3_Put_Request"/>
</testsuite> <!-- restassuredTest.Demo3_Put_Request -->
