<?xml version="1.0" encoding="UTF-8"?>
<!-- Generated by org.testng.reporters.JUnitReportReporter -->
<testsuite skipped="0" hostname="SKOLLA-W54" name="restassuredTest.Demo6_BasicValidation_XML" tests="5" failures="0" timestamp="26 Apr 2020 02:49:33 GMT" time="5.544" errors="0">
  <testcase name="testSingleContent" time="3.701" classname="restassuredTest.Demo6_BasicValidation_XML"/>
  <testcase name="testMultipleContents" time="0.534" classname="restassuredTest.Demo6_BasicValidation_XML"/>
  <testcase name="testMultipleContentsInOneGo" time="0.468" classname="restassuredTest.Demo6_BasicValidation_XML"/>
  <testcase name="testUsingXPath1" time="0.477" classname="restassuredTest.Demo6_BasicValidation_XML"/>
  <testcase name="testUsingXPath" time="0.364" classname="restassuredTest.Demo6_BasicValidation_XML"/>
</testsuite> <!-- restassuredTest.Demo6_BasicValidation_XML -->
