<?xml version="1.0" encoding="UTF-8"?>
<!-- Generated by org.testng.reporters.JUnitReportReporter -->
<testsuite skipped="0" hostname="SKOLLA-W54" name="restassuredTest.Demo4_Delete_Request" tests="1" failures="0" timestamp="26 Apr 2020 01:07:07 GMT" time="2.901" errors="0">
  <testcase name="testDelete" time="2.901" classname="restassuredTest.Demo4_Delete_Request"/>
</testsuite> <!-- restassuredTest.Demo4_Delete_Request -->
