<?xml version="1.0" encoding="UTF-8"?>
<!-- Generated by org.testng.reporters.JUnitReportReporter -->
<testsuite skipped="0" hostname="SKOLLA-W54" name="SerializationAndDeserialization.StudentAPITestNoSerialization" tests="1" failures="0" timestamp="26 Apr 2020 17:49:39 GMT" time="3.524" errors="0">
  <testcase name="getStudentRecord" time="3.524" classname="SerializationAndDeserialization.StudentAPITestNoSerialization"/>
</testsuite> <!-- SerializationAndDeserialization.StudentAPITestNoSerialization -->
